load date  = 2020-01-02
200102=filedate
loading files from loads dir in rdf for: 2020-01-02
yaz daily loads for 2020-01-02 starting:
/marklogic/applications/nate/lds/lds-bf/prep/auths/load/unprocessed/2020-01-02/A/split_0000000.xml.rdf
/marklogic/applications/nate/lds/lds-bf/prep/auths/load/unprocessed/2020-01-02/A/split_0000001.xml.rdf
running each split file separately so there are no errors:
loading /marklogic/applications/nate/lds/lds-bf/prep/auths/load/unprocessed/2020-01-02/A/split_0000000.xml.rdf
20/01/10 10:03:37 INFO contentpump.LocalJobRunner: Content type: XML
20/01/10 10:03:38 INFO contentpump.FileAndDirectoryInputFormat: Total input paths to process : 1
20/01/10 10:03:40 INFO contentpump.LocalJobRunner:  completed 100%
20/01/10 10:03:42 INFO contentpump.LocalJobRunner: com.marklogic.mapreduce.MarkLogicCounter: 
20/01/10 10:03:42 INFO contentpump.LocalJobRunner: INPUT_RECORDS: 1
20/01/10 10:03:42 INFO contentpump.LocalJobRunner: OUTPUT_RECORDS: 1
20/01/10 10:03:42 INFO contentpump.LocalJobRunner: OUTPUT_RECORDS_COMMITTED: 1
20/01/10 10:03:42 INFO contentpump.LocalJobRunner: OUTPUT_RECORDS_FAILED: 0
20/01/10 10:03:42 INFO contentpump.LocalJobRunner: Total execution time: 4 sec
loading /marklogic/applications/nate/lds/lds-bf/prep/auths/load/unprocessed/2020-01-02/A/split_0000001.xml.rdf
20/01/10 10:03:43 INFO contentpump.LocalJobRunner: Content type: XML
20/01/10 10:03:44 INFO contentpump.FileAndDirectoryInputFormat: Total input paths to process : 1
20/01/10 10:03:45 INFO contentpump.LocalJobRunner:  completed 100%
20/01/10 10:03:46 INFO contentpump.LocalJobRunner: com.marklogic.mapreduce.MarkLogicCounter: 
20/01/10 10:03:46 INFO contentpump.LocalJobRunner: INPUT_RECORDS: 1
20/01/10 10:03:46 INFO contentpump.LocalJobRunner: OUTPUT_RECORDS: 1
20/01/10 10:03:46 INFO contentpump.LocalJobRunner: OUTPUT_RECORDS_COMMITTED: 1
20/01/10 10:03:46 INFO contentpump.LocalJobRunner: OUTPUT_RECORDS_FAILED: 0
20/01/10 10:03:46 INFO contentpump.LocalJobRunner: Total execution time: 2 sec
deletes for 2020-01-02 starting: /marklogic/applications/nate/lds/lds-bf/prep/auths/load/unprocessed/2020-01-02/D
20/01/10 10:03:47 INFO contentpump.LocalJobRunner: Content type: XML
20/01/10 10:03:47 INFO contentpump.FileAndDirectoryInputFormat: Total input paths to process : 2
20/01/10 10:03:48 INFO contentpump.LocalJobRunner:  completed 100%
20/01/10 10:03:48 INFO contentpump.LocalJobRunner: com.marklogic.mapreduce.MarkLogicCounter: 
20/01/10 10:03:48 INFO contentpump.LocalJobRunner: INPUT_RECORDS: 2
20/01/10 10:03:48 INFO contentpump.LocalJobRunner: OUTPUT_RECORDS: 2
20/01/10 10:03:48 INFO contentpump.LocalJobRunner: OUTPUT_RECORDS_COMMITTED: 2
20/01/10 10:03:48 INFO contentpump.LocalJobRunner: OUTPUT_RECORDS_FAILED: 0
20/01/10 10:03:48 INFO contentpump.LocalJobRunner: Total execution time: 1 sec
rdfxml done
checking urls posted
done loadrdf ingest of yazzed bibs to bf database
load date  = 2020-01-03
200103=filedate
loading files from loads dir in rdf for: 2020-01-03
yaz daily loads for 2020-01-03 starting:
/marklogic/applications/nate/lds/lds-bf/prep/auths/load/unprocessed/2020-01-03/A/split_0000000.xml.rdf
/marklogic/applications/nate/lds/lds-bf/prep/auths/load/unprocessed/2020-01-03/A/split_0000001.xml.rdf
/marklogic/applications/nate/lds/lds-bf/prep/auths/load/unprocessed/2020-01-03/A/split_0000002.xml.rdf
/marklogic/applications/nate/lds/lds-bf/prep/auths/load/unprocessed/2020-01-03/A/split_0000003.xml.rdf
/marklogic/applications/nate/lds/lds-bf/prep/auths/load/unprocessed/2020-01-03/A/split_0000004.xml.rdf
/marklogic/applications/nate/lds/lds-bf/prep/auths/load/unprocessed/2020-01-03/A/split_0000005.xml.rdf
running each split file separately so there are no errors:
loading /marklogic/applications/nate/lds/lds-bf/prep/auths/load/unprocessed/2020-01-03/A/split_0000000.xml.rdf
20/01/10 10:03:56 INFO contentpump.LocalJobRunner: Content type: XML
20/01/10 10:03:57 INFO contentpump.FileAndDirectoryInputFormat: Total input paths to process : 1
20/01/10 10:03:58 INFO contentpump.LocalJobRunner:  completed 100%
20/01/10 10:04:08 INFO contentpump.LocalJobRunner: com.marklogic.mapreduce.MarkLogicCounter: 
20/01/10 10:04:08 INFO contentpump.LocalJobRunner: INPUT_RECORDS: 1
20/01/10 10:04:08 INFO contentpump.LocalJobRunner: OUTPUT_RECORDS: 1
20/01/10 10:04:08 INFO contentpump.LocalJobRunner: OUTPUT_RECORDS_COMMITTED: 1
20/01/10 10:04:08 INFO contentpump.LocalJobRunner: OUTPUT_RECORDS_FAILED: 0
20/01/10 10:04:08 INFO contentpump.LocalJobRunner: Total execution time: 11 sec
loading /marklogic/applications/nate/lds/lds-bf/prep/auths/load/unprocessed/2020-01-03/A/split_0000001.xml.rdf
20/01/10 10:04:09 INFO contentpump.LocalJobRunner: Content type: XML
20/01/10 10:04:09 INFO contentpump.FileAndDirectoryInputFormat: Total input paths to process : 1
20/01/10 10:04:11 INFO contentpump.LocalJobRunner:  completed 100%
20/01/10 10:04:17 INFO contentpump.LocalJobRunner: com.marklogic.mapreduce.MarkLogicCounter: 
20/01/10 10:04:17 INFO contentpump.LocalJobRunner: INPUT_RECORDS: 1
20/01/10 10:04:17 INFO contentpump.LocalJobRunner: OUTPUT_RECORDS: 1
20/01/10 10:04:17 INFO contentpump.LocalJobRunner: OUTPUT_RECORDS_COMMITTED: 1
20/01/10 10:04:17 INFO contentpump.LocalJobRunner: OUTPUT_RECORDS_FAILED: 0
20/01/10 10:04:17 INFO contentpump.LocalJobRunner: Total execution time: 7 sec
loading /marklogic/applications/nate/lds/lds-bf/prep/auths/load/unprocessed/2020-01-03/A/split_0000002.xml.rdf
20/01/10 10:04:18 INFO contentpump.LocalJobRunner: Content type: XML
20/01/10 10:04:18 INFO contentpump.FileAndDirectoryInputFormat: Total input paths to process : 1
20/01/10 10:04:20 INFO contentpump.LocalJobRunner:  completed 100%
20/01/10 10:04:30 INFO contentpump.LocalJobRunner: com.marklogic.mapreduce.MarkLogicCounter: 
20/01/10 10:04:30 INFO contentpump.LocalJobRunner: INPUT_RECORDS: 1
20/01/10 10:04:30 INFO contentpump.LocalJobRunner: OUTPUT_RECORDS: 1
20/01/10 10:04:30 INFO contentpump.LocalJobRunner: OUTPUT_RECORDS_COMMITTED: 1
20/01/10 10:04:30 INFO contentpump.LocalJobRunner: OUTPUT_RECORDS_FAILED: 0
20/01/10 10:04:30 INFO contentpump.LocalJobRunner: Total execution time: 11 sec
loading /marklogic/applications/nate/lds/lds-bf/prep/auths/load/unprocessed/2020-01-03/A/split_0000003.xml.rdf
20/01/10 10:04:30 INFO contentpump.LocalJobRunner: Content type: XML
20/01/10 10:04:31 INFO contentpump.FileAndDirectoryInputFormat: Total input paths to process : 1
20/01/10 10:04:33 INFO contentpump.LocalJobRunner:  completed 100%
20/01/10 10:04:52 INFO contentpump.LocalJobRunner: com.marklogic.mapreduce.MarkLogicCounter: 
20/01/10 10:04:52 INFO contentpump.LocalJobRunner: INPUT_RECORDS: 1
20/01/10 10:04:52 INFO contentpump.LocalJobRunner: OUTPUT_RECORDS: 1
20/01/10 10:04:52 INFO contentpump.LocalJobRunner: OUTPUT_RECORDS_COMMITTED: 1
20/01/10 10:04:52 INFO contentpump.LocalJobRunner: OUTPUT_RECORDS_FAILED: 0
20/01/10 10:04:52 INFO contentpump.LocalJobRunner: Total execution time: 21 sec
loading /marklogic/applications/nate/lds/lds-bf/prep/auths/load/unprocessed/2020-01-03/A/split_0000004.xml.rdf
20/01/10 10:04:54 INFO contentpump.LocalJobRunner: Content type: XML
20/01/10 10:04:55 INFO contentpump.FileAndDirectoryInputFormat: Total input paths to process : 1
20/01/10 10:04:57 INFO contentpump.LocalJobRunner:  completed 100%
20/01/10 10:05:09 INFO contentpump.LocalJobRunner: com.marklogic.mapreduce.MarkLogicCounter: 
20/01/10 10:05:09 INFO contentpump.LocalJobRunner: INPUT_RECORDS: 1
20/01/10 10:05:09 INFO contentpump.LocalJobRunner: OUTPUT_RECORDS: 1
20/01/10 10:05:09 INFO contentpump.LocalJobRunner: OUTPUT_RECORDS_COMMITTED: 1
20/01/10 10:05:09 INFO contentpump.LocalJobRunner: OUTPUT_RECORDS_FAILED: 0
20/01/10 10:05:09 INFO contentpump.LocalJobRunner: Total execution time: 14 sec
loading /marklogic/applications/nate/lds/lds-bf/prep/auths/load/unprocessed/2020-01-03/A/split_0000005.xml.rdf
20/01/10 10:05:10 INFO contentpump.LocalJobRunner: Content type: XML
20/01/10 10:05:10 INFO contentpump.FileAndDirectoryInputFormat: Total input paths to process : 1
20/01/10 10:05:12 INFO contentpump.LocalJobRunner:  completed 100%
20/01/10 10:05:23 INFO contentpump.LocalJobRunner: com.marklogic.mapreduce.MarkLogicCounter: 
20/01/10 10:05:23 INFO contentpump.LocalJobRunner: INPUT_RECORDS: 1
20/01/10 10:05:23 INFO contentpump.LocalJobRunner: OUTPUT_RECORDS: 1
20/01/10 10:05:23 INFO contentpump.LocalJobRunner: OUTPUT_RECORDS_COMMITTED: 1
20/01/10 10:05:23 INFO contentpump.LocalJobRunner: OUTPUT_RECORDS_FAILED: 0
20/01/10 10:05:23 INFO contentpump.LocalJobRunner: Total execution time: 12 sec
deletes for 2020-01-03 starting: /marklogic/applications/nate/lds/lds-bf/prep/auths/load/unprocessed/2020-01-03/D
20/01/10 10:05:23 INFO contentpump.LocalJobRunner: Content type: XML
20/01/10 10:05:24 INFO contentpump.FileAndDirectoryInputFormat: Total input paths to process : 2
20/01/10 10:05:25 INFO contentpump.LocalJobRunner:  completed 100%
20/01/10 10:05:25 INFO contentpump.LocalJobRunner: com.marklogic.mapreduce.MarkLogicCounter: 
20/01/10 10:05:25 INFO contentpump.LocalJobRunner: INPUT_RECORDS: 2
20/01/10 10:05:25 INFO contentpump.LocalJobRunner: OUTPUT_RECORDS: 2
20/01/10 10:05:25 INFO contentpump.LocalJobRunner: OUTPUT_RECORDS_COMMITTED: 2
20/01/10 10:05:25 INFO contentpump.LocalJobRunner: OUTPUT_RECORDS_FAILED: 0
20/01/10 10:05:25 INFO contentpump.LocalJobRunner: Total execution time: 1 sec
rdfxml done
checking urls posted
done loadrdf ingest of yazzed bibs to bf database
load date  = 2020-01-04
200104=filedate
loading files from loads dir in rdf for: 2020-01-04
yaz daily loads for 2020-01-04 starting:
/marklogic/applications/nate/lds/lds-bf/prep/auths/load/unprocessed/2020-01-04/A/split_0000000.xml.rdf
/marklogic/applications/nate/lds/lds-bf/prep/auths/load/unprocessed/2020-01-04/A/split_0000001.xml.rdf
/marklogic/applications/nate/lds/lds-bf/prep/auths/load/unprocessed/2020-01-04/A/split_0000002.xml.rdf
/marklogic/applications/nate/lds/lds-bf/prep/auths/load/unprocessed/2020-01-04/A/split_0000003.xml.rdf
/marklogic/applications/nate/lds/lds-bf/prep/auths/load/unprocessed/2020-01-04/A/split_0000004.xml.rdf
/marklogic/applications/nate/lds/lds-bf/prep/auths/load/unprocessed/2020-01-04/A/split_0000005.xml.rdf
running each split file separately so there are no errors:
loading /marklogic/applications/nate/lds/lds-bf/prep/auths/load/unprocessed/2020-01-04/A/split_0000000.xml.rdf
20/01/10 10:06:44 INFO contentpump.LocalJobRunner: Content type: XML
20/01/10 10:06:45 INFO contentpump.FileAndDirectoryInputFormat: Total input paths to process : 1
20/01/10 10:06:47 INFO contentpump.LocalJobRunner:  completed 100%
20/01/10 10:06:51 INFO contentpump.LocalJobRunner: com.marklogic.mapreduce.MarkLogicCounter: 
20/01/10 10:06:51 INFO contentpump.LocalJobRunner: INPUT_RECORDS: 1
20/01/10 10:06:51 INFO contentpump.LocalJobRunner: OUTPUT_RECORDS: 1
20/01/10 10:06:51 INFO contentpump.LocalJobRunner: OUTPUT_RECORDS_COMMITTED: 1
20/01/10 10:06:51 INFO contentpump.LocalJobRunner: OUTPUT_RECORDS_FAILED: 0
20/01/10 10:06:51 INFO contentpump.LocalJobRunner: Total execution time: 5 sec
loading /marklogic/applications/nate/lds/lds-bf/prep/auths/load/unprocessed/2020-01-04/A/split_0000001.xml.rdf
20/01/10 10:06:52 INFO contentpump.LocalJobRunner: Content type: XML
20/01/10 10:06:53 INFO contentpump.FileAndDirectoryInputFormat: Total input paths to process : 1
20/01/10 10:06:54 INFO contentpump.LocalJobRunner:  completed 100%
20/01/10 10:07:11 INFO contentpump.LocalJobRunner: com.marklogic.mapreduce.MarkLogicCounter: 
20/01/10 10:07:11 INFO contentpump.LocalJobRunner: INPUT_RECORDS: 1
20/01/10 10:07:11 INFO contentpump.LocalJobRunner: OUTPUT_RECORDS: 1
20/01/10 10:07:11 INFO contentpump.LocalJobRunner: OUTPUT_RECORDS_COMMITTED: 1
20/01/10 10:07:11 INFO contentpump.LocalJobRunner: OUTPUT_RECORDS_FAILED: 0
20/01/10 10:07:11 INFO contentpump.LocalJobRunner: Total execution time: 18 sec
loading /marklogic/applications/nate/lds/lds-bf/prep/auths/load/unprocessed/2020-01-04/A/split_0000002.xml.rdf
20/01/10 10:07:12 INFO contentpump.LocalJobRunner: Content type: XML
20/01/10 10:07:13 INFO contentpump.FileAndDirectoryInputFormat: Total input paths to process : 1
20/01/10 10:07:15 INFO contentpump.LocalJobRunner:  completed 100%
20/01/10 10:07:25 INFO contentpump.LocalJobRunner: com.marklogic.mapreduce.MarkLogicCounter: 
20/01/10 10:07:25 INFO contentpump.LocalJobRunner: INPUT_RECORDS: 1
20/01/10 10:07:25 INFO contentpump.LocalJobRunner: OUTPUT_RECORDS: 1
20/01/10 10:07:25 INFO contentpump.LocalJobRunner: OUTPUT_RECORDS_COMMITTED: 1
20/01/10 10:07:25 INFO contentpump.LocalJobRunner: OUTPUT_RECORDS_FAILED: 0
20/01/10 10:07:25 INFO contentpump.LocalJobRunner: Total execution time: 12 sec
loading /marklogic/applications/nate/lds/lds-bf/prep/auths/load/unprocessed/2020-01-04/A/split_0000003.xml.rdf
20/01/10 10:07:26 INFO contentpump.LocalJobRunner: Content type: XML
20/01/10 10:07:27 INFO contentpump.FileAndDirectoryInputFormat: Total input paths to process : 1
20/01/10 10:07:29 INFO contentpump.LocalJobRunner:  completed 100%
20/01/10 10:07:53 INFO contentpump.LocalJobRunner: com.marklogic.mapreduce.MarkLogicCounter: 
20/01/10 10:07:53 INFO contentpump.LocalJobRunner: INPUT_RECORDS: 1
20/01/10 10:07:53 INFO contentpump.LocalJobRunner: OUTPUT_RECORDS: 1
20/01/10 10:07:53 INFO contentpump.LocalJobRunner: OUTPUT_RECORDS_COMMITTED: 1
20/01/10 10:07:53 INFO contentpump.LocalJobRunner: OUTPUT_RECORDS_FAILED: 0
20/01/10 10:07:53 INFO contentpump.LocalJobRunner: Total execution time: 25 sec
loading /marklogic/applications/nate/lds/lds-bf/prep/auths/load/unprocessed/2020-01-04/A/split_0000004.xml.rdf
20/01/10 10:07:53 INFO contentpump.LocalJobRunner: Content type: XML
20/01/10 10:07:54 INFO contentpump.FileAndDirectoryInputFormat: Total input paths to process : 1
20/01/10 10:07:56 INFO contentpump.LocalJobRunner:  completed 100%
20/01/10 10:08:14 INFO contentpump.LocalJobRunner: com.marklogic.mapreduce.MarkLogicCounter: 
20/01/10 10:08:14 INFO contentpump.LocalJobRunner: INPUT_RECORDS: 1
20/01/10 10:08:14 INFO contentpump.LocalJobRunner: OUTPUT_RECORDS: 1
20/01/10 10:08:14 INFO contentpump.LocalJobRunner: OUTPUT_RECORDS_COMMITTED: 1
20/01/10 10:08:14 INFO contentpump.LocalJobRunner: OUTPUT_RECORDS_FAILED: 0
20/01/10 10:08:14 INFO contentpump.LocalJobRunner: Total execution time: 20 sec
loading /marklogic/applications/nate/lds/lds-bf/prep/auths/load/unprocessed/2020-01-04/A/split_0000005.xml.rdf
20/01/10 10:08:15 INFO contentpump.LocalJobRunner: Content type: XML
20/01/10 10:08:15 INFO contentpump.FileAndDirectoryInputFormat: Total input paths to process : 1
20/01/10 10:08:17 INFO contentpump.LocalJobRunner:  completed 100%
20/01/10 10:08:17 INFO contentpump.LocalJobRunner: com.marklogic.mapreduce.MarkLogicCounter: 
20/01/10 10:08:17 INFO contentpump.LocalJobRunner: INPUT_RECORDS: 1
20/01/10 10:08:17 INFO contentpump.LocalJobRunner: OUTPUT_RECORDS: 1
20/01/10 10:08:17 INFO contentpump.LocalJobRunner: OUTPUT_RECORDS_COMMITTED: 1
20/01/10 10:08:17 INFO contentpump.LocalJobRunner: OUTPUT_RECORDS_FAILED: 0
20/01/10 10:08:17 INFO contentpump.LocalJobRunner: Total execution time: 2 sec
deletes for 2020-01-04 starting: /marklogic/applications/nate/lds/lds-bf/prep/auths/load/unprocessed/2020-01-04/D
20/01/10 10:08:18 INFO contentpump.LocalJobRunner: Content type: XML
20/01/10 10:08:19 INFO contentpump.FileAndDirectoryInputFormat: Total input paths to process : 2
20/01/10 10:08:20 INFO contentpump.LocalJobRunner:  completed 100%
20/01/10 10:08:20 INFO contentpump.LocalJobRunner: com.marklogic.mapreduce.MarkLogicCounter: 
20/01/10 10:08:20 INFO contentpump.LocalJobRunner: INPUT_RECORDS: 2
20/01/10 10:08:20 INFO contentpump.LocalJobRunner: OUTPUT_RECORDS: 2
20/01/10 10:08:20 INFO contentpump.LocalJobRunner: OUTPUT_RECORDS_COMMITTED: 2
20/01/10 10:08:20 INFO contentpump.LocalJobRunner: OUTPUT_RECORDS_FAILED: 0
20/01/10 10:08:20 INFO contentpump.LocalJobRunner: Total execution time: 0 sec
rdfxml done
checking urls posted
done loadrdf ingest of yazzed bibs to bf database
load date  = 2020-01-05
200105=filedate
loading files from loads dir in rdf for: 2020-01-05
yaz daily loads for 2020-01-05 starting:
/marklogic/applications/nate/lds/lds-bf/prep/auths/load/unprocessed/2020-01-05/A/split_0000000.xml.rdf
running each split file separately so there are no errors:
loading /marklogic/applications/nate/lds/lds-bf/prep/auths/load/unprocessed/2020-01-05/A/split_0000000.xml.rdf
20/01/10 10:10:33 INFO contentpump.LocalJobRunner: Content type: XML
20/01/10 10:10:34 INFO contentpump.FileAndDirectoryInputFormat: Total input paths to process : 1
20/01/10 10:10:36 INFO contentpump.LocalJobRunner:  completed 100%
20/01/10 10:10:41 INFO contentpump.LocalJobRunner: com.marklogic.mapreduce.MarkLogicCounter: 
20/01/10 10:10:41 INFO contentpump.LocalJobRunner: INPUT_RECORDS: 1
20/01/10 10:10:41 INFO contentpump.LocalJobRunner: OUTPUT_RECORDS: 1
20/01/10 10:10:41 INFO contentpump.LocalJobRunner: OUTPUT_RECORDS_COMMITTED: 1
20/01/10 10:10:41 INFO contentpump.LocalJobRunner: OUTPUT_RECORDS_FAILED: 0
20/01/10 10:10:41 INFO contentpump.LocalJobRunner: Total execution time: 6 sec
deletes for 2020-01-05 starting: /marklogic/applications/nate/lds/lds-bf/prep/auths/load/unprocessed/2020-01-05/D
20/01/10 10:10:41 INFO contentpump.LocalJobRunner: Content type: XML
20/01/10 10:10:42 INFO contentpump.FileAndDirectoryInputFormat: Total input paths to process : 2
20/01/10 10:10:43 INFO contentpump.LocalJobRunner:  completed 100%
20/01/10 10:10:43 INFO contentpump.LocalJobRunner: com.marklogic.mapreduce.MarkLogicCounter: 
20/01/10 10:10:43 INFO contentpump.LocalJobRunner: INPUT_RECORDS: 2
20/01/10 10:10:43 INFO contentpump.LocalJobRunner: OUTPUT_RECORDS: 2
20/01/10 10:10:43 INFO contentpump.LocalJobRunner: OUTPUT_RECORDS_COMMITTED: 2
20/01/10 10:10:43 INFO contentpump.LocalJobRunner: OUTPUT_RECORDS_FAILED: 0
20/01/10 10:10:43 INFO contentpump.LocalJobRunner: Total execution time: 0 sec
rdfxml done
checking urls posted
done loadrdf ingest of yazzed bibs to bf database
load date  = 2020-01-06
200106=filedate
loading files from loads dir in rdf for: 2020-01-06
yaz daily loads for 2020-01-06 starting:
/marklogic/applications/nate/lds/lds-bf/prep/auths/load/unprocessed/2020-01-06/A/split_0000000.xml.rdf
/marklogic/applications/nate/lds/lds-bf/prep/auths/load/unprocessed/2020-01-06/A/split_0000001.xml.rdf
/marklogic/applications/nate/lds/lds-bf/prep/auths/load/unprocessed/2020-01-06/A/split_0000002.xml.rdf
/marklogic/applications/nate/lds/lds-bf/prep/auths/load/unprocessed/2020-01-06/A/split_0000003.xml.rdf
running each split file separately so there are no errors:
loading /marklogic/applications/nate/lds/lds-bf/prep/auths/load/unprocessed/2020-01-06/A/split_0000000.xml.rdf
20/01/10 10:16:49 INFO contentpump.LocalJobRunner: Content type: XML
20/01/10 10:16:50 INFO contentpump.FileAndDirectoryInputFormat: Total input paths to process : 1
20/01/10 10:16:52 INFO contentpump.LocalJobRunner:  completed 100%
20/01/10 10:16:54 INFO contentpump.LocalJobRunner: com.marklogic.mapreduce.MarkLogicCounter: 
20/01/10 10:16:54 INFO contentpump.LocalJobRunner: INPUT_RECORDS: 1
20/01/10 10:16:54 INFO contentpump.LocalJobRunner: OUTPUT_RECORDS: 1
20/01/10 10:16:54 INFO contentpump.LocalJobRunner: OUTPUT_RECORDS_COMMITTED: 1
20/01/10 10:16:54 INFO contentpump.LocalJobRunner: OUTPUT_RECORDS_FAILED: 0
20/01/10 10:16:54 INFO contentpump.LocalJobRunner: Total execution time: 4 sec
loading /marklogic/applications/nate/lds/lds-bf/prep/auths/load/unprocessed/2020-01-06/A/split_0000001.xml.rdf
20/01/10 10:16:55 INFO contentpump.LocalJobRunner: Content type: XML
20/01/10 10:16:55 INFO contentpump.FileAndDirectoryInputFormat: Total input paths to process : 1
20/01/10 10:16:57 INFO contentpump.LocalJobRunner:  completed 100%
20/01/10 10:17:16 INFO contentpump.LocalJobRunner: com.marklogic.mapreduce.MarkLogicCounter: 
20/01/10 10:17:16 INFO contentpump.LocalJobRunner: INPUT_RECORDS: 1
20/01/10 10:17:16 INFO contentpump.LocalJobRunner: OUTPUT_RECORDS: 1
20/01/10 10:17:16 INFO contentpump.LocalJobRunner: OUTPUT_RECORDS_COMMITTED: 1
20/01/10 10:17:16 INFO contentpump.LocalJobRunner: OUTPUT_RECORDS_FAILED: 0
20/01/10 10:17:16 INFO contentpump.LocalJobRunner: Total execution time: 20 sec
loading /marklogic/applications/nate/lds/lds-bf/prep/auths/load/unprocessed/2020-01-06/A/split_0000002.xml.rdf
20/01/10 10:17:16 INFO contentpump.LocalJobRunner: Content type: XML
20/01/10 10:17:17 INFO contentpump.FileAndDirectoryInputFormat: Total input paths to process : 1
20/01/10 10:17:19 INFO contentpump.LocalJobRunner:  completed 100%
20/01/10 10:18:02 INFO contentpump.LocalJobRunner: com.marklogic.mapreduce.MarkLogicCounter: 
20/01/10 10:18:02 INFO contentpump.LocalJobRunner: INPUT_RECORDS: 1
20/01/10 10:18:02 INFO contentpump.LocalJobRunner: OUTPUT_RECORDS: 1
20/01/10 10:18:02 INFO contentpump.LocalJobRunner: OUTPUT_RECORDS_COMMITTED: 1
20/01/10 10:18:02 INFO contentpump.LocalJobRunner: OUTPUT_RECORDS_FAILED: 0
20/01/10 10:18:02 INFO contentpump.LocalJobRunner: Total execution time: 45 sec
loading /marklogic/applications/nate/lds/lds-bf/prep/auths/load/unprocessed/2020-01-06/A/split_0000003.xml.rdf
20/01/10 10:18:03 INFO contentpump.LocalJobRunner: Content type: XML
20/01/10 10:18:03 INFO contentpump.FileAndDirectoryInputFormat: Total input paths to process : 1
20/01/10 10:18:04 INFO contentpump.LocalJobRunner:  completed 100%
20/01/10 10:18:04 INFO contentpump.LocalJobRunner: com.marklogic.mapreduce.MarkLogicCounter: 
20/01/10 10:18:04 INFO contentpump.LocalJobRunner: INPUT_RECORDS: 1
20/01/10 10:18:04 INFO contentpump.LocalJobRunner: OUTPUT_RECORDS: 1
20/01/10 10:18:04 INFO contentpump.LocalJobRunner: OUTPUT_RECORDS_COMMITTED: 1
20/01/10 10:18:04 INFO contentpump.LocalJobRunner: OUTPUT_RECORDS_FAILED: 0
20/01/10 10:18:04 INFO contentpump.LocalJobRunner: Total execution time: 0 sec
deletes for 2020-01-06 starting: /marklogic/applications/nate/lds/lds-bf/prep/auths/load/unprocessed/2020-01-06/D
20/01/10 10:18:05 INFO contentpump.LocalJobRunner: Content type: XML
20/01/10 10:18:06 INFO contentpump.FileAndDirectoryInputFormat: Total input paths to process : 2
20/01/10 10:18:07 INFO contentpump.LocalJobRunner:  completed 100%
20/01/10 10:18:07 INFO contentpump.LocalJobRunner: com.marklogic.mapreduce.MarkLogicCounter: 
20/01/10 10:18:07 INFO contentpump.LocalJobRunner: INPUT_RECORDS: 2
20/01/10 10:18:07 INFO contentpump.LocalJobRunner: OUTPUT_RECORDS: 2
20/01/10 10:18:07 INFO contentpump.LocalJobRunner: OUTPUT_RECORDS_COMMITTED: 2
20/01/10 10:18:07 INFO contentpump.LocalJobRunner: OUTPUT_RECORDS_FAILED: 0
20/01/10 10:18:07 INFO contentpump.LocalJobRunner: Total execution time: 1 sec
rdfxml done
checking urls posted
done loadrdf ingest of yazzed bibs to bf database
load date  = 2020-01-07
200107=filedate
loading files from loads dir in rdf for: 2020-01-07
yaz daily loads for 2020-01-07 starting:
/marklogic/applications/nate/lds/lds-bf/prep/auths/load/unprocessed/2020-01-07/A/split_0000000.xml.rdf
/marklogic/applications/nate/lds/lds-bf/prep/auths/load/unprocessed/2020-01-07/A/split_0000001.xml.rdf
/marklogic/applications/nate/lds/lds-bf/prep/auths/load/unprocessed/2020-01-07/A/split_0000002.xml.rdf
/marklogic/applications/nate/lds/lds-bf/prep/auths/load/unprocessed/2020-01-07/A/split_0000003.xml.rdf
/marklogic/applications/nate/lds/lds-bf/prep/auths/load/unprocessed/2020-01-07/A/split_0000004.xml.rdf
/marklogic/applications/nate/lds/lds-bf/prep/auths/load/unprocessed/2020-01-07/A/split_0000005.xml.rdf
/marklogic/applications/nate/lds/lds-bf/prep/auths/load/unprocessed/2020-01-07/A/split_0000006.xml.rdf
/marklogic/applications/nate/lds/lds-bf/prep/auths/load/unprocessed/2020-01-07/A/split_0000007.xml.rdf
running each split file separately so there are no errors:
loading /marklogic/applications/nate/lds/lds-bf/prep/auths/load/unprocessed/2020-01-07/A/split_0000000.xml.rdf
20/01/10 10:18:21 INFO contentpump.LocalJobRunner: Content type: XML
20/01/10 10:18:21 INFO contentpump.FileAndDirectoryInputFormat: Total input paths to process : 1
20/01/10 10:18:24 INFO contentpump.LocalJobRunner:  completed 100%
20/01/10 10:18:42 INFO contentpump.LocalJobRunner: com.marklogic.mapreduce.MarkLogicCounter: 
20/01/10 10:18:42 INFO contentpump.LocalJobRunner: INPUT_RECORDS: 1
20/01/10 10:18:42 INFO contentpump.LocalJobRunner: OUTPUT_RECORDS: 1
20/01/10 10:18:42 INFO contentpump.LocalJobRunner: OUTPUT_RECORDS_COMMITTED: 1
20/01/10 10:18:42 INFO contentpump.LocalJobRunner: OUTPUT_RECORDS_FAILED: 0
20/01/10 10:18:42 INFO contentpump.LocalJobRunner: Total execution time: 21 sec
loading /marklogic/applications/nate/lds/lds-bf/prep/auths/load/unprocessed/2020-01-07/A/split_0000001.xml.rdf
20/01/10 10:18:43 INFO contentpump.LocalJobRunner: Content type: XML
20/01/10 10:18:44 INFO contentpump.FileAndDirectoryInputFormat: Total input paths to process : 1
20/01/10 10:18:45 INFO contentpump.LocalJobRunner:  completed 100%
20/01/10 10:18:53 INFO contentpump.LocalJobRunner: com.marklogic.mapreduce.MarkLogicCounter: 
20/01/10 10:18:53 INFO contentpump.LocalJobRunner: INPUT_RECORDS: 1
20/01/10 10:18:53 INFO contentpump.LocalJobRunner: OUTPUT_RECORDS: 1
20/01/10 10:18:53 INFO contentpump.LocalJobRunner: OUTPUT_RECORDS_COMMITTED: 1
20/01/10 10:18:53 INFO contentpump.LocalJobRunner: OUTPUT_RECORDS_FAILED: 0
20/01/10 10:18:53 INFO contentpump.LocalJobRunner: Total execution time: 9 sec
loading /marklogic/applications/nate/lds/lds-bf/prep/auths/load/unprocessed/2020-01-07/A/split_0000002.xml.rdf
20/01/10 10:18:54 INFO contentpump.LocalJobRunner: Content type: XML
20/01/10 10:18:55 INFO contentpump.FileAndDirectoryInputFormat: Total input paths to process : 1
20/01/10 10:18:56 INFO contentpump.LocalJobRunner:  completed 100%
20/01/10 10:19:30 INFO contentpump.LocalJobRunner: com.marklogic.mapreduce.MarkLogicCounter: 
20/01/10 10:19:30 INFO contentpump.LocalJobRunner: INPUT_RECORDS: 1
20/01/10 10:19:30 INFO contentpump.LocalJobRunner: OUTPUT_RECORDS: 1
20/01/10 10:19:30 INFO contentpump.LocalJobRunner: OUTPUT_RECORDS_COMMITTED: 1
20/01/10 10:19:30 INFO contentpump.LocalJobRunner: OUTPUT_RECORDS_FAILED: 0
20/01/10 10:19:30 INFO contentpump.LocalJobRunner: Total execution time: 35 sec
loading /marklogic/applications/nate/lds/lds-bf/prep/auths/load/unprocessed/2020-01-07/A/split_0000003.xml.rdf
20/01/10 10:19:31 INFO contentpump.LocalJobRunner: Content type: XML
20/01/10 10:19:31 INFO contentpump.FileAndDirectoryInputFormat: Total input paths to process : 1
20/01/10 10:19:33 INFO contentpump.LocalJobRunner:  completed 100%
20/01/10 10:19:51 INFO contentpump.LocalJobRunner: com.marklogic.mapreduce.MarkLogicCounter: 
20/01/10 10:19:51 INFO contentpump.LocalJobRunner: INPUT_RECORDS: 1
20/01/10 10:19:51 INFO contentpump.LocalJobRunner: OUTPUT_RECORDS: 1
20/01/10 10:19:51 INFO contentpump.LocalJobRunner: OUTPUT_RECORDS_COMMITTED: 1
20/01/10 10:19:51 INFO contentpump.LocalJobRunner: OUTPUT_RECORDS_FAILED: 0
20/01/10 10:19:51 INFO contentpump.LocalJobRunner: Total execution time: 20 sec
loading /marklogic/applications/nate/lds/lds-bf/prep/auths/load/unprocessed/2020-01-07/A/split_0000004.xml.rdf
20/01/10 10:19:52 INFO contentpump.LocalJobRunner: Content type: XML
20/01/10 10:19:53 INFO contentpump.FileAndDirectoryInputFormat: Total input paths to process : 1
20/01/10 10:19:54 INFO contentpump.LocalJobRunner:  completed 100%
20/01/10 10:20:23 INFO contentpump.LocalJobRunner: com.marklogic.mapreduce.MarkLogicCounter: 
20/01/10 10:20:23 INFO contentpump.LocalJobRunner: INPUT_RECORDS: 1
20/01/10 10:20:23 INFO contentpump.LocalJobRunner: OUTPUT_RECORDS: 1
20/01/10 10:20:23 INFO contentpump.LocalJobRunner: OUTPUT_RECORDS_COMMITTED: 1
20/01/10 10:20:23 INFO contentpump.LocalJobRunner: OUTPUT_RECORDS_FAILED: 0
20/01/10 10:20:23 INFO contentpump.LocalJobRunner: Total execution time: 29 sec
loading /marklogic/applications/nate/lds/lds-bf/prep/auths/load/unprocessed/2020-01-07/A/split_0000005.xml.rdf
20/01/10 10:20:23 INFO contentpump.LocalJobRunner: Content type: XML
20/01/10 10:20:24 INFO contentpump.FileAndDirectoryInputFormat: Total input paths to process : 1
20/01/10 10:20:26 INFO contentpump.LocalJobRunner:  completed 100%
20/01/10 10:21:13 INFO contentpump.LocalJobRunner: com.marklogic.mapreduce.MarkLogicCounter: 
20/01/10 10:21:13 INFO contentpump.LocalJobRunner: INPUT_RECORDS: 1
20/01/10 10:21:13 INFO contentpump.LocalJobRunner: OUTPUT_RECORDS: 1
20/01/10 10:21:13 INFO contentpump.LocalJobRunner: OUTPUT_RECORDS_COMMITTED: 1
20/01/10 10:21:13 INFO contentpump.LocalJobRunner: OUTPUT_RECORDS_FAILED: 0
20/01/10 10:21:13 INFO contentpump.LocalJobRunner: Total execution time: 49 sec
loading /marklogic/applications/nate/lds/lds-bf/prep/auths/load/unprocessed/2020-01-07/A/split_0000006.xml.rdf
20/01/10 10:21:14 INFO contentpump.LocalJobRunner: Content type: XML
20/01/10 10:21:14 INFO contentpump.FileAndDirectoryInputFormat: Total input paths to process : 1
20/01/10 10:21:16 INFO contentpump.LocalJobRunner:  completed 100%
20/01/10 10:22:24 INFO contentpump.LocalJobRunner: com.marklogic.mapreduce.MarkLogicCounter: 
20/01/10 10:22:24 INFO contentpump.LocalJobRunner: INPUT_RECORDS: 1
20/01/10 10:22:24 INFO contentpump.LocalJobRunner: OUTPUT_RECORDS: 1
20/01/10 10:22:24 INFO contentpump.LocalJobRunner: OUTPUT_RECORDS_COMMITTED: 1
20/01/10 10:22:24 INFO contentpump.LocalJobRunner: OUTPUT_RECORDS_FAILED: 0
20/01/10 10:22:24 INFO contentpump.LocalJobRunner: Total execution time: 69 sec
loading /marklogic/applications/nate/lds/lds-bf/prep/auths/load/unprocessed/2020-01-07/A/split_0000007.xml.rdf
20/01/10 10:22:24 INFO contentpump.LocalJobRunner: Content type: XML
20/01/10 10:22:25 INFO contentpump.FileAndDirectoryInputFormat: Total input paths to process : 1
20/01/10 10:22:27 INFO contentpump.LocalJobRunner:  completed 100%
20/01/10 10:22:32 INFO contentpump.LocalJobRunner: com.marklogic.mapreduce.MarkLogicCounter: 
20/01/10 10:22:32 INFO contentpump.LocalJobRunner: INPUT_RECORDS: 1
20/01/10 10:22:32 INFO contentpump.LocalJobRunner: OUTPUT_RECORDS: 1
20/01/10 10:22:32 INFO contentpump.LocalJobRunner: OUTPUT_RECORDS_COMMITTED: 1
20/01/10 10:22:32 INFO contentpump.LocalJobRunner: OUTPUT_RECORDS_FAILED: 0
20/01/10 10:22:32 INFO contentpump.LocalJobRunner: Total execution time: 7 sec
deletes for 2020-01-07 starting: /marklogic/applications/nate/lds/lds-bf/prep/auths/load/unprocessed/2020-01-07/D
20/01/10 10:22:33 INFO contentpump.LocalJobRunner: Content type: XML
20/01/10 10:22:34 INFO contentpump.FileAndDirectoryInputFormat: Total input paths to process : 2
20/01/10 10:22:35 INFO contentpump.LocalJobRunner:  completed 100%
20/01/10 10:22:35 INFO contentpump.LocalJobRunner: com.marklogic.mapreduce.MarkLogicCounter: 
20/01/10 10:22:35 INFO contentpump.LocalJobRunner: INPUT_RECORDS: 2
20/01/10 10:22:35 INFO contentpump.LocalJobRunner: OUTPUT_RECORDS: 2
20/01/10 10:22:35 INFO contentpump.LocalJobRunner: OUTPUT_RECORDS_COMMITTED: 2
20/01/10 10:22:35 INFO contentpump.LocalJobRunner: OUTPUT_RECORDS_FAILED: 0
20/01/10 10:22:35 INFO contentpump.LocalJobRunner: Total execution time: 1 sec
rdfxml done
checking urls posted
done loadrdf ingest of yazzed bibs to bf database
load date  = 2020-01-08
200108=filedate
loading files from loads dir in rdf for: 2020-01-08
yaz daily loads for 2020-01-08 starting:
/marklogic/applications/nate/lds/lds-bf/prep/auths/load/unprocessed/2020-01-08/A/split_0000000.xml.rdf
/marklogic/applications/nate/lds/lds-bf/prep/auths/load/unprocessed/2020-01-08/A/split_0000001.xml.rdf
/marklogic/applications/nate/lds/lds-bf/prep/auths/load/unprocessed/2020-01-08/A/split_0000002.xml.rdf
/marklogic/applications/nate/lds/lds-bf/prep/auths/load/unprocessed/2020-01-08/A/split_0000003.xml.rdf
/marklogic/applications/nate/lds/lds-bf/prep/auths/load/unprocessed/2020-01-08/A/split_0000004.xml.rdf
/marklogic/applications/nate/lds/lds-bf/prep/auths/load/unprocessed/2020-01-08/A/split_0000005.xml.rdf
/marklogic/applications/nate/lds/lds-bf/prep/auths/load/unprocessed/2020-01-08/A/split_0000006.xml.rdf
/marklogic/applications/nate/lds/lds-bf/prep/auths/load/unprocessed/2020-01-08/A/split_0000007.xml.rdf
/marklogic/applications/nate/lds/lds-bf/prep/auths/load/unprocessed/2020-01-08/A/split_0000008.xml.rdf
running each split file separately so there are no errors:
loading /marklogic/applications/nate/lds/lds-bf/prep/auths/load/unprocessed/2020-01-08/A/split_0000000.xml.rdf
20/01/10 10:26:19 INFO contentpump.LocalJobRunner: Content type: XML
20/01/10 10:26:19 INFO contentpump.FileAndDirectoryInputFormat: Total input paths to process : 1
20/01/10 10:26:21 INFO contentpump.LocalJobRunner:  completed 100%
20/01/10 10:26:26 INFO contentpump.LocalJobRunner: com.marklogic.mapreduce.MarkLogicCounter: 
20/01/10 10:26:26 INFO contentpump.LocalJobRunner: INPUT_RECORDS: 1
20/01/10 10:26:26 INFO contentpump.LocalJobRunner: OUTPUT_RECORDS: 1
20/01/10 10:26:26 INFO contentpump.LocalJobRunner: OUTPUT_RECORDS_COMMITTED: 1
20/01/10 10:26:26 INFO contentpump.LocalJobRunner: OUTPUT_RECORDS_FAILED: 0
20/01/10 10:26:26 INFO contentpump.LocalJobRunner: Total execution time: 6 sec
loading /marklogic/applications/nate/lds/lds-bf/prep/auths/load/unprocessed/2020-01-08/A/split_0000001.xml.rdf
20/01/10 10:26:26 INFO contentpump.LocalJobRunner: Content type: XML
20/01/10 10:26:27 INFO contentpump.FileAndDirectoryInputFormat: Total input paths to process : 1
20/01/10 10:26:29 INFO contentpump.LocalJobRunner:  completed 100%
20/01/10 10:26:30 INFO contentpump.LocalJobRunner: com.marklogic.mapreduce.MarkLogicCounter: 
20/01/10 10:26:30 INFO contentpump.LocalJobRunner: INPUT_RECORDS: 1
20/01/10 10:26:30 INFO contentpump.LocalJobRunner: OUTPUT_RECORDS: 1
20/01/10 10:26:30 INFO contentpump.LocalJobRunner: OUTPUT_RECORDS_COMMITTED: 1
20/01/10 10:26:30 INFO contentpump.LocalJobRunner: OUTPUT_RECORDS_FAILED: 0
20/01/10 10:26:30 INFO contentpump.LocalJobRunner: Total execution time: 2 sec
loading /marklogic/applications/nate/lds/lds-bf/prep/auths/load/unprocessed/2020-01-08/A/split_0000002.xml.rdf
20/01/10 10:26:31 INFO contentpump.LocalJobRunner: Content type: XML
20/01/10 10:26:31 INFO contentpump.FileAndDirectoryInputFormat: Total input paths to process : 1
20/01/10 10:26:33 INFO contentpump.LocalJobRunner:  completed 100%
20/01/10 10:27:17 INFO contentpump.LocalJobRunner: com.marklogic.mapreduce.MarkLogicCounter: 
20/01/10 10:27:17 INFO contentpump.LocalJobRunner: INPUT_RECORDS: 1
20/01/10 10:27:17 INFO contentpump.LocalJobRunner: OUTPUT_RECORDS: 1
20/01/10 10:27:17 INFO contentpump.LocalJobRunner: OUTPUT_RECORDS_COMMITTED: 1
20/01/10 10:27:17 INFO contentpump.LocalJobRunner: OUTPUT_RECORDS_FAILED: 0
20/01/10 10:27:17 INFO contentpump.LocalJobRunner: Total execution time: 46 sec
loading /marklogic/applications/nate/lds/lds-bf/prep/auths/load/unprocessed/2020-01-08/A/split_0000003.xml.rdf
20/01/10 10:27:18 INFO contentpump.LocalJobRunner: Content type: XML
20/01/10 10:27:18 INFO contentpump.FileAndDirectoryInputFormat: Total input paths to process : 1
20/01/10 10:27:20 INFO contentpump.LocalJobRunner:  completed 100%
20/01/10 10:27:35 INFO contentpump.LocalJobRunner: com.marklogic.mapreduce.MarkLogicCounter: 
20/01/10 10:27:35 INFO contentpump.LocalJobRunner: INPUT_RECORDS: 1
20/01/10 10:27:35 INFO contentpump.LocalJobRunner: OUTPUT_RECORDS: 1
20/01/10 10:27:35 INFO contentpump.LocalJobRunner: OUTPUT_RECORDS_COMMITTED: 1
20/01/10 10:27:35 INFO contentpump.LocalJobRunner: OUTPUT_RECORDS_FAILED: 0
20/01/10 10:27:35 INFO contentpump.LocalJobRunner: Total execution time: 16 sec
loading /marklogic/applications/nate/lds/lds-bf/prep/auths/load/unprocessed/2020-01-08/A/split_0000004.xml.rdf
20/01/10 10:27:36 INFO contentpump.LocalJobRunner: Content type: XML
20/01/10 10:27:36 INFO contentpump.FileAndDirectoryInputFormat: Total input paths to process : 1
20/01/10 10:27:38 INFO contentpump.LocalJobRunner:  completed 100%
20/01/10 10:27:46 INFO contentpump.LocalJobRunner: com.marklogic.mapreduce.MarkLogicCounter: 
20/01/10 10:27:46 INFO contentpump.LocalJobRunner: INPUT_RECORDS: 1
20/01/10 10:27:46 INFO contentpump.LocalJobRunner: OUTPUT_RECORDS: 1
20/01/10 10:27:46 INFO contentpump.LocalJobRunner: OUTPUT_RECORDS_COMMITTED: 1
20/01/10 10:27:46 INFO contentpump.LocalJobRunner: OUTPUT_RECORDS_FAILED: 0
20/01/10 10:27:46 INFO contentpump.LocalJobRunner: Total execution time: 9 sec
loading /marklogic/applications/nate/lds/lds-bf/prep/auths/load/unprocessed/2020-01-08/A/split_0000005.xml.rdf
20/01/10 10:27:47 INFO contentpump.LocalJobRunner: Content type: XML
20/01/10 10:27:47 INFO contentpump.FileAndDirectoryInputFormat: Total input paths to process : 1
20/01/10 10:27:49 INFO contentpump.LocalJobRunner:  completed 100%
20/01/10 10:28:18 INFO contentpump.LocalJobRunner: com.marklogic.mapreduce.MarkLogicCounter: 
20/01/10 10:28:18 INFO contentpump.LocalJobRunner: INPUT_RECORDS: 1
20/01/10 10:28:18 INFO contentpump.LocalJobRunner: OUTPUT_RECORDS: 1
20/01/10 10:28:18 INFO contentpump.LocalJobRunner: OUTPUT_RECORDS_COMMITTED: 1
20/01/10 10:28:18 INFO contentpump.LocalJobRunner: OUTPUT_RECORDS_FAILED: 0
20/01/10 10:28:18 INFO contentpump.LocalJobRunner: Total execution time: 30 sec
loading /marklogic/applications/nate/lds/lds-bf/prep/auths/load/unprocessed/2020-01-08/A/split_0000006.xml.rdf
20/01/10 10:28:18 INFO contentpump.LocalJobRunner: Content type: XML
20/01/10 10:28:19 INFO contentpump.FileAndDirectoryInputFormat: Total input paths to process : 1
20/01/10 10:28:21 INFO contentpump.LocalJobRunner:  completed 100%
20/01/10 10:28:51 INFO contentpump.LocalJobRunner: com.marklogic.mapreduce.MarkLogicCounter: 
20/01/10 10:28:51 INFO contentpump.LocalJobRunner: INPUT_RECORDS: 1
20/01/10 10:28:51 INFO contentpump.LocalJobRunner: OUTPUT_RECORDS: 1
20/01/10 10:28:51 INFO contentpump.LocalJobRunner: OUTPUT_RECORDS_COMMITTED: 1
20/01/10 10:28:51 INFO contentpump.LocalJobRunner: OUTPUT_RECORDS_FAILED: 0
20/01/10 10:28:51 INFO contentpump.LocalJobRunner: Total execution time: 31 sec
loading /marklogic/applications/nate/lds/lds-bf/prep/auths/load/unprocessed/2020-01-08/A/split_0000007.xml.rdf
20/01/10 10:28:51 INFO contentpump.LocalJobRunner: Content type: XML
20/01/10 10:28:52 INFO contentpump.FileAndDirectoryInputFormat: Total input paths to process : 1
20/01/10 10:28:54 INFO contentpump.LocalJobRunner:  completed 100%
20/01/10 10:29:24 INFO contentpump.LocalJobRunner: com.marklogic.mapreduce.MarkLogicCounter: 
20/01/10 10:29:24 INFO contentpump.LocalJobRunner: INPUT_RECORDS: 1
20/01/10 10:29:24 INFO contentpump.LocalJobRunner: OUTPUT_RECORDS: 1
20/01/10 10:29:24 INFO contentpump.LocalJobRunner: OUTPUT_RECORDS_COMMITTED: 1
20/01/10 10:29:24 INFO contentpump.LocalJobRunner: OUTPUT_RECORDS_FAILED: 0
20/01/10 10:29:24 INFO contentpump.LocalJobRunner: Total execution time: 31 sec
loading /marklogic/applications/nate/lds/lds-bf/prep/auths/load/unprocessed/2020-01-08/A/split_0000008.xml.rdf
20/01/10 10:29:24 INFO contentpump.LocalJobRunner: Content type: XML
20/01/10 10:29:25 INFO contentpump.FileAndDirectoryInputFormat: Total input paths to process : 1
20/01/10 10:29:27 INFO contentpump.LocalJobRunner:  completed 100%
20/01/10 10:29:27 INFO contentpump.LocalJobRunner: com.marklogic.mapreduce.MarkLogicCounter: 
20/01/10 10:29:27 INFO contentpump.LocalJobRunner: INPUT_RECORDS: 1
20/01/10 10:29:27 INFO contentpump.LocalJobRunner: OUTPUT_RECORDS: 1
20/01/10 10:29:27 INFO contentpump.LocalJobRunner: OUTPUT_RECORDS_COMMITTED: 1
20/01/10 10:29:27 INFO contentpump.LocalJobRunner: OUTPUT_RECORDS_FAILED: 0
20/01/10 10:29:27 INFO contentpump.LocalJobRunner: Total execution time: 1 sec
deletes for 2020-01-08 starting: /marklogic/applications/nate/lds/lds-bf/prep/auths/load/unprocessed/2020-01-08/D
20/01/10 10:29:28 INFO contentpump.LocalJobRunner: Content type: XML
20/01/10 10:29:28 INFO contentpump.FileAndDirectoryInputFormat: Total input paths to process : 2
20/01/10 10:29:29 INFO contentpump.LocalJobRunner:  completed 100%
20/01/10 10:29:29 INFO contentpump.LocalJobRunner: com.marklogic.mapreduce.MarkLogicCounter: 
20/01/10 10:29:29 INFO contentpump.LocalJobRunner: INPUT_RECORDS: 2
20/01/10 10:29:29 INFO contentpump.LocalJobRunner: OUTPUT_RECORDS: 2
20/01/10 10:29:29 INFO contentpump.LocalJobRunner: OUTPUT_RECORDS_COMMITTED: 2
20/01/10 10:29:29 INFO contentpump.LocalJobRunner: OUTPUT_RECORDS_FAILED: 0
20/01/10 10:29:29 INFO contentpump.LocalJobRunner: Total execution time: 1 sec
rdfxml done
checking urls posted
done loadrdf ingest of yazzed bibs to bf database
load date  = 2020-01-09
200109=filedate
loading files from loads dir in rdf for: 2020-01-09
yaz daily loads for 2020-01-09 starting:
/marklogic/applications/nate/lds/lds-bf/prep/auths/load/unprocessed/2020-01-09/A/split_0000000.xml.rdf
/marklogic/applications/nate/lds/lds-bf/prep/auths/load/unprocessed/2020-01-09/A/split_0000001.xml.rdf
/marklogic/applications/nate/lds/lds-bf/prep/auths/load/unprocessed/2020-01-09/A/split_0000002.xml.rdf
/marklogic/applications/nate/lds/lds-bf/prep/auths/load/unprocessed/2020-01-09/A/split_0000003.xml.rdf
/marklogic/applications/nate/lds/lds-bf/prep/auths/load/unprocessed/2020-01-09/A/split_0000004.xml.rdf
/marklogic/applications/nate/lds/lds-bf/prep/auths/load/unprocessed/2020-01-09/A/split_0000005.xml.rdf
/marklogic/applications/nate/lds/lds-bf/prep/auths/load/unprocessed/2020-01-09/A/split_0000006.xml.rdf
/marklogic/applications/nate/lds/lds-bf/prep/auths/load/unprocessed/2020-01-09/A/split_0000007.xml.rdf
/marklogic/applications/nate/lds/lds-bf/prep/auths/load/unprocessed/2020-01-09/A/split_0000008.xml.rdf
/marklogic/applications/nate/lds/lds-bf/prep/auths/load/unprocessed/2020-01-09/A/split_0000009.xml.rdf
running each split file separately so there are no errors:
loading /marklogic/applications/nate/lds/lds-bf/prep/auths/load/unprocessed/2020-01-09/A/split_0000000.xml.rdf
20/01/10 10:34:09 INFO contentpump.LocalJobRunner: Content type: XML
20/01/10 10:34:09 INFO contentpump.FileAndDirectoryInputFormat: Total input paths to process : 1
20/01/10 10:34:11 INFO contentpump.LocalJobRunner:  completed 100%
20/01/10 10:34:15 INFO contentpump.LocalJobRunner: com.marklogic.mapreduce.MarkLogicCounter: 
20/01/10 10:34:15 INFO contentpump.LocalJobRunner: INPUT_RECORDS: 1
20/01/10 10:34:15 INFO contentpump.LocalJobRunner: OUTPUT_RECORDS: 1
20/01/10 10:34:15 INFO contentpump.LocalJobRunner: OUTPUT_RECORDS_COMMITTED: 1
20/01/10 10:34:15 INFO contentpump.LocalJobRunner: OUTPUT_RECORDS_FAILED: 0
20/01/10 10:34:15 INFO contentpump.LocalJobRunner: Total execution time: 5 sec
loading /marklogic/applications/nate/lds/lds-bf/prep/auths/load/unprocessed/2020-01-09/A/split_0000001.xml.rdf
20/01/10 10:34:15 INFO contentpump.LocalJobRunner: Content type: XML
20/01/10 10:34:16 INFO contentpump.FileAndDirectoryInputFormat: Total input paths to process : 1
20/01/10 10:34:18 INFO contentpump.LocalJobRunner:  completed 100%
20/01/10 10:34:40 INFO contentpump.LocalJobRunner: com.marklogic.mapreduce.MarkLogicCounter: 
20/01/10 10:34:40 INFO contentpump.LocalJobRunner: INPUT_RECORDS: 1
20/01/10 10:34:40 INFO contentpump.LocalJobRunner: OUTPUT_RECORDS: 1
20/01/10 10:34:40 INFO contentpump.LocalJobRunner: OUTPUT_RECORDS_COMMITTED: 1
20/01/10 10:34:40 INFO contentpump.LocalJobRunner: OUTPUT_RECORDS_FAILED: 0
20/01/10 10:34:40 INFO contentpump.LocalJobRunner: Total execution time: 24 sec
loading /marklogic/applications/nate/lds/lds-bf/prep/auths/load/unprocessed/2020-01-09/A/split_0000002.xml.rdf
20/01/10 10:34:41 INFO contentpump.LocalJobRunner: Content type: XML
20/01/10 10:34:41 INFO contentpump.FileAndDirectoryInputFormat: Total input paths to process : 1
20/01/10 10:34:43 INFO contentpump.LocalJobRunner:  completed 100%
20/01/10 10:35:38 INFO contentpump.LocalJobRunner: com.marklogic.mapreduce.MarkLogicCounter: 
20/01/10 10:35:38 INFO contentpump.LocalJobRunner: INPUT_RECORDS: 1
20/01/10 10:35:38 INFO contentpump.LocalJobRunner: OUTPUT_RECORDS: 1
20/01/10 10:35:38 INFO contentpump.LocalJobRunner: OUTPUT_RECORDS_COMMITTED: 1
20/01/10 10:35:38 INFO contentpump.LocalJobRunner: OUTPUT_RECORDS_FAILED: 0
20/01/10 10:35:38 INFO contentpump.LocalJobRunner: Total execution time: 56 sec
loading /marklogic/applications/nate/lds/lds-bf/prep/auths/load/unprocessed/2020-01-09/A/split_0000003.xml.rdf
20/01/10 10:35:39 INFO contentpump.LocalJobRunner: Content type: XML
20/01/10 10:35:39 INFO contentpump.FileAndDirectoryInputFormat: Total input paths to process : 1
20/01/10 10:35:41 INFO contentpump.LocalJobRunner:  completed 100%
20/01/10 10:36:03 INFO contentpump.LocalJobRunner: com.marklogic.mapreduce.MarkLogicCounter: 
20/01/10 10:36:03 INFO contentpump.LocalJobRunner: INPUT_RECORDS: 1
20/01/10 10:36:03 INFO contentpump.LocalJobRunner: OUTPUT_RECORDS: 1
20/01/10 10:36:03 INFO contentpump.LocalJobRunner: OUTPUT_RECORDS_COMMITTED: 1
20/01/10 10:36:03 INFO contentpump.LocalJobRunner: OUTPUT_RECORDS_FAILED: 0
20/01/10 10:36:03 INFO contentpump.LocalJobRunner: Total execution time: 23 sec
loading /marklogic/applications/nate/lds/lds-bf/prep/auths/load/unprocessed/2020-01-09/A/split_0000004.xml.rdf
20/01/10 10:36:03 INFO contentpump.LocalJobRunner: Content type: XML
20/01/10 10:36:04 INFO contentpump.FileAndDirectoryInputFormat: Total input paths to process : 1
20/01/10 10:36:06 INFO contentpump.LocalJobRunner:  completed 100%
20/01/10 10:36:19 INFO contentpump.LocalJobRunner: com.marklogic.mapreduce.MarkLogicCounter: 
20/01/10 10:36:19 INFO contentpump.LocalJobRunner: INPUT_RECORDS: 1
20/01/10 10:36:19 INFO contentpump.LocalJobRunner: OUTPUT_RECORDS: 1
20/01/10 10:36:19 INFO contentpump.LocalJobRunner: OUTPUT_RECORDS_COMMITTED: 1
20/01/10 10:36:19 INFO contentpump.LocalJobRunner: OUTPUT_RECORDS_FAILED: 0
20/01/10 10:36:19 INFO contentpump.LocalJobRunner: Total execution time: 14 sec
loading /marklogic/applications/nate/lds/lds-bf/prep/auths/load/unprocessed/2020-01-09/A/split_0000005.xml.rdf
20/01/10 10:36:19 INFO contentpump.LocalJobRunner: Content type: XML
20/01/10 10:36:20 INFO contentpump.FileAndDirectoryInputFormat: Total input paths to process : 1
20/01/10 10:36:22 INFO contentpump.LocalJobRunner:  completed 100%
20/01/10 10:36:32 INFO contentpump.LocalJobRunner: com.marklogic.mapreduce.MarkLogicCounter: 
20/01/10 10:36:32 INFO contentpump.LocalJobRunner: INPUT_RECORDS: 1
20/01/10 10:36:32 INFO contentpump.LocalJobRunner: OUTPUT_RECORDS: 1
20/01/10 10:36:32 INFO contentpump.LocalJobRunner: OUTPUT_RECORDS_COMMITTED: 1
20/01/10 10:36:32 INFO contentpump.LocalJobRunner: OUTPUT_RECORDS_FAILED: 0
20/01/10 10:36:32 INFO contentpump.LocalJobRunner: Total execution time: 11 sec
loading /marklogic/applications/nate/lds/lds-bf/prep/auths/load/unprocessed/2020-01-09/A/split_0000006.xml.rdf
20/01/10 10:36:32 INFO contentpump.LocalJobRunner: Content type: XML
20/01/10 10:36:33 INFO contentpump.FileAndDirectoryInputFormat: Total input paths to process : 1
20/01/10 10:36:35 INFO contentpump.LocalJobRunner:  completed 100%
20/01/10 10:36:39 INFO contentpump.LocalJobRunner: com.marklogic.mapreduce.MarkLogicCounter: 
20/01/10 10:36:39 INFO contentpump.LocalJobRunner: INPUT_RECORDS: 1
20/01/10 10:36:39 INFO contentpump.LocalJobRunner: OUTPUT_RECORDS: 1
20/01/10 10:36:39 INFO contentpump.LocalJobRunner: OUTPUT_RECORDS_COMMITTED: 1
20/01/10 10:36:39 INFO contentpump.LocalJobRunner: OUTPUT_RECORDS_FAILED: 0
20/01/10 10:36:39 INFO contentpump.LocalJobRunner: Total execution time: 5 sec
loading /marklogic/applications/nate/lds/lds-bf/prep/auths/load/unprocessed/2020-01-09/A/split_0000007.xml.rdf
20/01/10 10:36:40 INFO contentpump.LocalJobRunner: Content type: XML
20/01/10 10:36:40 INFO contentpump.FileAndDirectoryInputFormat: Total input paths to process : 1
20/01/10 10:36:42 INFO contentpump.LocalJobRunner:  completed 100%
20/01/10 10:37:04 INFO contentpump.LocalJobRunner: com.marklogic.mapreduce.MarkLogicCounter: 
20/01/10 10:37:04 INFO contentpump.LocalJobRunner: INPUT_RECORDS: 1
20/01/10 10:37:04 INFO contentpump.LocalJobRunner: OUTPUT_RECORDS: 1
20/01/10 10:37:04 INFO contentpump.LocalJobRunner: OUTPUT_RECORDS_COMMITTED: 1
20/01/10 10:37:04 INFO contentpump.LocalJobRunner: OUTPUT_RECORDS_FAILED: 0
20/01/10 10:37:04 INFO contentpump.LocalJobRunner: Total execution time: 23 sec
loading /marklogic/applications/nate/lds/lds-bf/prep/auths/load/unprocessed/2020-01-09/A/split_0000008.xml.rdf
20/01/10 10:37:04 INFO contentpump.LocalJobRunner: Content type: XML
20/01/10 10:37:05 INFO contentpump.FileAndDirectoryInputFormat: Total input paths to process : 1
20/01/10 10:37:07 INFO contentpump.LocalJobRunner:  completed 100%
20/01/10 10:37:30 INFO contentpump.LocalJobRunner: com.marklogic.mapreduce.MarkLogicCounter: 
20/01/10 10:37:30 INFO contentpump.LocalJobRunner: INPUT_RECORDS: 1
20/01/10 10:37:30 INFO contentpump.LocalJobRunner: OUTPUT_RECORDS: 1
20/01/10 10:37:30 INFO contentpump.LocalJobRunner: OUTPUT_RECORDS_COMMITTED: 1
20/01/10 10:37:30 INFO contentpump.LocalJobRunner: OUTPUT_RECORDS_FAILED: 0
20/01/10 10:37:30 INFO contentpump.LocalJobRunner: Total execution time: 25 sec
loading /marklogic/applications/nate/lds/lds-bf/prep/auths/load/unprocessed/2020-01-09/A/split_0000009.xml.rdf
20/01/10 10:37:31 INFO contentpump.LocalJobRunner: Content type: XML
20/01/10 10:37:31 INFO contentpump.FileAndDirectoryInputFormat: Total input paths to process : 1
20/01/10 10:37:33 INFO contentpump.LocalJobRunner:  completed 100%
20/01/10 10:37:34 INFO contentpump.LocalJobRunner: com.marklogic.mapreduce.MarkLogicCounter: 
20/01/10 10:37:34 INFO contentpump.LocalJobRunner: INPUT_RECORDS: 1
20/01/10 10:37:34 INFO contentpump.LocalJobRunner: OUTPUT_RECORDS: 1
20/01/10 10:37:34 INFO contentpump.LocalJobRunner: OUTPUT_RECORDS_COMMITTED: 1
20/01/10 10:37:34 INFO contentpump.LocalJobRunner: OUTPUT_RECORDS_FAILED: 0
20/01/10 10:37:34 INFO contentpump.LocalJobRunner: Total execution time: 3 sec
deletes for 2020-01-09 starting: /marklogic/applications/nate/lds/lds-bf/prep/auths/load/unprocessed/2020-01-09/D
20/01/10 10:37:35 INFO contentpump.LocalJobRunner: Content type: XML
20/01/10 10:37:36 INFO contentpump.FileAndDirectoryInputFormat: Total input paths to process : 2
20/01/10 10:37:37 INFO contentpump.LocalJobRunner:  completed 100%
20/01/10 10:37:37 INFO contentpump.LocalJobRunner: com.marklogic.mapreduce.MarkLogicCounter: 
20/01/10 10:37:37 INFO contentpump.LocalJobRunner: INPUT_RECORDS: 2
20/01/10 10:37:37 INFO contentpump.LocalJobRunner: OUTPUT_RECORDS: 2
20/01/10 10:37:37 INFO contentpump.LocalJobRunner: OUTPUT_RECORDS_COMMITTED: 2
20/01/10 10:37:37 INFO contentpump.LocalJobRunner: OUTPUT_RECORDS_FAILED: 0
20/01/10 10:37:37 INFO contentpump.LocalJobRunner: Total execution time: 1 sec
rdfxml done
checking urls posted
done loadrdf ingest of yazzed bibs to bf database
