------------------
/marklogic/applications/nate/lds/lds-bf
/marklogic/applications
auths
/marklogic/applications/nate/lds/lds-bf/prep/auths
/marklogic/applications/marc2bibframe2
/marklogic/applications/nate/lds/lds-bf/prep/modules
/marklogic/applications/mlcp/bin
4
localhost
8028
id-admin
111888-USER-admin
id-admin
111888-USER-admin
rs7.loc.gov
p7515861
Irvkf5L[pHzy
ID_XCC_USER_PROD=id-admin
ID_XCC_PASS_PROD=111888-USER-admin
echo ID_XCC_PORT=8082
http://mlvlp04.loc.gov:8230
/marklogic/applications/nate/lds/lds-bf/prep/auths/source/unprocessed
/marklogic/applications/nate/lds/lds-bf/prep/auths/source/processed
/marklogic/applications/nate/lds/lds-bf/prep/auths/load/unprocessed
/marklogic/applications/nate/lds/lds-bf/prep/auths/load/processed
------------------
load date  = 2020-01-04
200104=filedate
now converting split_0000000.xml	 
now converting split_0000001.xml	 
now converting split_0000002.xml	 
now converting split_0000003.xml	 
now converting split_0000004.xml	 
now converting split_0000005.xml	 
finished with adds, starting deletes
done yaz conversion of marcxml to bibframe, look for rdf in /marklogic/applications/nate/lds/lds-bf/prep/auths/source/processed/2020-01-04
