------------------
/marklogic/applications/nate/lds/lds-bf
/marklogic/applications
bibrecs
/marklogic/applications/nate/lds/lds-bf/prep/bibrecs
/marklogic/applications/marc2bibframe2
/marklogic/applications/nate/lds/lds-bf/prep/modules
/marklogic/applications/mlcp/bin
4
localhost
8028
id-admin
111888-USER-admin
id-admin
111888-USER-admin
rs7.loc.gov
p7515861
Irvkf5L[pHzy
ID_XCC_USER_PROD=id-admin
ID_XCC_PASS_PROD=111888-USER-admin
echo ID_XCC_PORT=8082
http://mlvlp04.loc.gov:8230
/marklogic/applications/nate/lds/lds-bf/prep/bibrecs/source/unprocessed
/marklogic/applications/nate/lds/lds-bf/prep/bibrecs/source/processed
/marklogic/applications/nate/lds/lds-bf/prep/bibrecs/load/unprocessed
/marklogic/applications/nate/lds/lds-bf/prep/bibrecs/load/processed
------------------
load date  = 2020-01-02
200102=filedate
now converting split_0000000.xml	 
now converting split_0000001.xml	 
now converting split_0000002.xml	 
now converting split_0000003.xml	 
now converting split_0000004.xml	 
now converting split_0000005.xml	 
now converting split_0000006.xml	 
now converting split_0000007.xml	 
now converting split_0000008.xml	 
now converting split_0000009.xml	 
now converting split_0000010.xml	 
now converting split_0000011.xml	 
now converting split_0000012.xml	 
now converting split_0000013.xml	 
now converting split_0000014.xml	 
finished with adds, starting deletes
done yaz conversion of marcxml to bibframe, look for rdf in /marklogic/applications/nate/lds/lds-bf/prep/bibrecs/source/processed/2020-01-02
