------------------
/marklogic/applications/nate/lds/lds-bf
/marklogic/applications
bibrecs
/marklogic/applications/nate/lds/lds-bf/prep/bibrecs
/marklogic/applications/marc2bibframe2
/marklogic/applications/nate/lds/lds-bf/prep/modules
/marklogic/applications/mlcp/bin
4
localhost
8028
id-admin
111888-USER-admin
id-admin
111888-USER-admin
rs7.loc.gov
p7515861
Irvkf5L[pHzy
ID_XCC_USER_PROD=id-admin
ID_XCC_PASS_PROD=111888-USER-admin
echo ID_XCC_PORT=8082
http://mlvlp04.loc.gov:8230
/marklogic/applications/nate/lds/lds-bf/prep/bibrecs/source/unprocessed
/marklogic/applications/nate/lds/lds-bf/prep/bibrecs/source/processed
/marklogic/applications/nate/lds/lds-bf/prep/bibrecs/load/unprocessed
/marklogic/applications/nate/lds/lds-bf/prep/bibrecs/load/processed
------------------
load date  = 2020-01-05
200105 ...is filedate...
/marklogic/applications/nate/lds/lds-bf/prep/bibrecs/source/unprocessed
200105=filedate
/marklogic/opt/marcdump/bib/BIB.ML.D200105
/marklogic/applications/nate/lds/lds-bf/prep/bibrecs/source/unprocessed
/marklogic/opt/marcdump/bib/BIB.ML.D200105 is the file to split
about to make mkdir 2020-01-05
/marklogic/opt/marcdump/deletedbibs/deleted.bib.marc.200105
next, daily ADD records ingested to /bibframe-process/records with batch name
then process deletes: change the ingest program to look for  d in leader, remove from catalog
loading files from id-main name titles 2020-01-05
done importing bib chunks for 2020-01-05
------------------
/marklogic/applications/nate/lds/lds-bf
/marklogic/applications
bibrecs
/marklogic/applications/nate/lds/lds-bf/prep/bibrecs
/marklogic/applications/marc2bibframe2
/marklogic/applications/nate/lds/lds-bf/prep/modules
/marklogic/applications/mlcp/bin
4
localhost
8028
id-admin
111888-USER-admin
id-admin
111888-USER-admin
rs7.loc.gov
p7515861
Irvkf5L[pHzy
ID_XCC_USER_PROD=id-admin
ID_XCC_PASS_PROD=111888-USER-admin
echo ID_XCC_PORT=8082
http://mlvlp04.loc.gov:8230
/marklogic/applications/nate/lds/lds-bf/prep/bibrecs/source/unprocessed
/marklogic/applications/nate/lds/lds-bf/prep/bibrecs/source/processed
/marklogic/applications/nate/lds/lds-bf/prep/bibrecs/load/unprocessed
/marklogic/applications/nate/lds/lds-bf/prep/bibrecs/load/processed
------------------
done 2020-01-05
 done splitting the add/edit docs from 2020-01-05
------------------
/marklogic/applications/nate/lds/lds-bf
/marklogic/applications
bibrecs
/marklogic/applications/nate/lds/lds-bf/prep/bibrecs
/marklogic/applications/marc2bibframe2
/marklogic/applications/nate/lds/lds-bf/prep/modules
/marklogic/applications/mlcp/bin
4
localhost
8028
id-admin
111888-USER-admin
id-admin
111888-USER-admin
rs7.loc.gov
p7515861
Irvkf5L[pHzy
ID_XCC_USER_PROD=id-admin
ID_XCC_PASS_PROD=111888-USER-admin
echo ID_XCC_PORT=8082
http://mlvlp04.loc.gov:8230
/marklogic/applications/nate/lds/lds-bf/prep/bibrecs/source/unprocessed
/marklogic/applications/nate/lds/lds-bf/prep/bibrecs/source/processed
/marklogic/applications/nate/lds/lds-bf/prep/bibrecs/load/unprocessed
/marklogic/applications/nate/lds/lds-bf/prep/bibrecs/load/processed
------------------
done 2020-01-05
done splitting the delete docs from 2020-01-05 (sourceprep.sh)
ready to process bibs in batch from source unprocessed 2020-01-05 
